{
  "RSpec": {
    "coverage": {
      "/Users/gwendolynruiz/turing/2module/1solo_project/actor_and_shows/config/environment.rb": {
        "lines": [
          null,
          1,
          null,
          null,
          1
        ]
      },
      "/Users/gwendolynruiz/turing/2module/1solo_project/actor_and_shows/config/application.rb": {
        "lines": [
          1,
          null,
          1,
          null,
          1,
          1,
          1,
          1,
          1,
          1,
          1,
          1,
          1,
          null,
          null,
          null,
          null,
          1,
          null,
          1,
          1,
          null,
          1,
          null,
          null,
          null,
          null,
          null,
          null,
          null,
          1,
          null,
          null
        ]
      },
      "/Users/gwendolynruiz/turing/2module/1solo_project/actor_and_shows/config/boot.rb": {
        "lines": [
          1,
          null,
          1,
          1
        ]
      },
      "/Users/gwendolynruiz/turing/2module/1solo_project/actor_and_shows/config/environments/test.rb": {
        "lines": [
          1,
          null,
          null,
          null,
          null,
          null,
          null,
          1,
          null,
          null,
          null,
          null,
          1,
          null,
          null,
          1,
          1,
          null,
          null,
          null,
          null,
          1,
          1,
          null,
          null,
          1,
          null,
          null,
          1,
          null,
          null,
          1,
          null,
          1,
          null,
          null,
          null,
          null,
          1,
          null,
          null,
          1,
          null,
          null,
          null,
          null
        ]
      },
      "/Users/gwendolynruiz/turing/2module/1solo_project/actor_and_shows/config/initializers/application_controller_renderer.rb": {
        "lines": [
          null,
          null,
          null,
          null,
          null,
          null,
          null,
          null
        ]
      },
      "/Users/gwendolynruiz/turing/2module/1solo_project/actor_and_shows/config/initializers/assets.rb": {
        "lines": [
          null,
          null,
          null,
          1,
          null,
          null,
          null,
          null,
          1,
          null,
          null,
          null,
          null,
          null
        ]
      },
      "/Users/gwendolynruiz/turing/2module/1solo_project/actor_and_shows/config/initializers/backtrace_silencers.rb": {
        "lines": [
          null,
          null,
          null,
          null,
          null,
          null,
          null
        ]
      },
      "/Users/gwendolynruiz/turing/2module/1solo_project/actor_and_shows/config/initializers/content_security_policy.rb": {
        "lines": [
          null,
          null,
          null,
          null,
          null,
          null,
          null,
          null,
          null,
          null,
          null,
          null,
          null,
          null,
          null,
          null,
          null,
          null,
          null,
          null,
          null,
          null,
          null,
          null,
          null
        ]
      },
      "/Users/gwendolynruiz/turing/2module/1solo_project/actor_and_shows/config/initializers/cookies_serializer.rb": {
        "lines": [
          null,
          null,
          null,
          null,
          1
        ]
      },
      "/Users/gwendolynruiz/turing/2module/1solo_project/actor_and_shows/config/initializers/filter_parameter_logging.rb": {
        "lines": [
          null,
          null,
          null,
          1
        ]
      },
      "/Users/gwendolynruiz/turing/2module/1solo_project/actor_and_shows/config/initializers/inflections.rb": {
        "lines": [
          null,
          null,
          null,
          null,
          null,
          null,
          null,
          null,
          null,
          null,
          null,
          null,
          null,
          null,
          null,
          null
        ]
      },
      "/Users/gwendolynruiz/turing/2module/1solo_project/actor_and_shows/config/initializers/mime_types.rb": {
        "lines": [
          null,
          null,
          null,
          null
        ]
      },
      "/Users/gwendolynruiz/turing/2module/1solo_project/actor_and_shows/config/initializers/wrap_parameters.rb": {
        "lines": [
          null,
          null,
          null,
          null,
          null,
          null,
          1,
          2,
          null,
          null,
          null,
          null,
          null,
          null
        ]
      },
      "/Users/gwendolynruiz/turing/2module/1solo_project/actor_and_shows/config/routes.rb": {
        "lines": [
          1,
          null,
          null,
          1,
          1,
          1,
          1,
          1,
          1,
          1,
          1,
          1,
          null
        ]
      },
      "/Users/gwendolynruiz/turing/2module/1solo_project/actor_and_shows/app/helpers/application_helper.rb": {
        "lines": [
          1,
          null
        ]
      },
      "/Users/gwendolynruiz/turing/2module/1solo_project/actor_and_shows/spec/features/actors/index_spec.rb": {
        "lines": [
          1,
          null,
          1,
          null,
          1,
          1,
          1,
          1,
          1,
          1,
          null,
          1,
          null,
          1,
          1,
          1,
          1,
          1,
          1,
          1,
          null,
          null,
          1,
          1,
          1,
          1,
          1,
          null,
          null
        ]
      },
      "/Users/gwendolynruiz/turing/2module/1solo_project/actor_and_shows/spec/features/actors/new_spec.rb": {
        "lines": [
          1,
          null,
          1,
          null,
          1,
          1,
          null,
          1,
          1,
          null,
          null,
          1,
          1,
          null,
          1,
          1,
          1,
          1,
          null,
          1,
          1,
          null,
          null
        ]
      },
      "/Users/gwendolynruiz/turing/2module/1solo_project/actor_and_shows/spec/features/actors/show_spec.rb": {
        "lines": [
          1,
          null,
          1,
          null,
          1,
          1,
          1,
          1,
          null,
          1,
          null,
          1,
          1,
          1,
          1,
          null,
          null,
          1,
          1,
          1,
          null,
          1,
          null,
          1,
          1,
          1,
          1,
          null,
          null,
          null,
          1,
          1,
          1,
          1,
          null,
          1,
          null,
          1,
          1,
          1,
          null,
          null
        ]
      },
      "/Users/gwendolynruiz/turing/2module/1solo_project/actor_and_shows/spec/features/tv_shows/index_spec.rb": {
        "lines": [
          1,
          null,
          1,
          null,
          1,
          1,
          1,
          1,
          1,
          null,
          null
        ]
      },
      "/Users/gwendolynruiz/turing/2module/1solo_project/actor_and_shows/spec/features/tv_shows/show_spec.rb": {
        "lines": [
          1,
          null,
          1,
          null,
          1,
          1,
          1,
          null,
          1,
          null,
          1,
          1,
          1,
          null,
          null,
          1,
          1,
          1,
          1,
          1,
          null,
          1,
          null,
          1,
          1,
          1,
          1,
          null,
          null
        ]
      },
      "/Users/gwendolynruiz/turing/2module/1solo_project/actor_and_shows/spec/models/actors/actor_spec.rb": {
        "lines": [
          1,
          null,
          1,
          null,
          1,
          2,
          null,
          null,
          1,
          1,
          1,
          1,
          null,
          1,
          null,
          1,
          1,
          null,
          null,
          1,
          1,
          1,
          null,
          1,
          1,
          1,
          null,
          1,
          1,
          null,
          null
        ]
      },
      "/Users/gwendolynruiz/turing/2module/1solo_project/actor_and_shows/app/models/actor.rb": {
        "lines": [
          1,
          1,
          null,
          1,
          8,
          null,
          null,
          1,
          5,
          null,
          null,
          1,
          null,
          null,
          null
        ]
      },
      "/Users/gwendolynruiz/turing/2module/1solo_project/actor_and_shows/app/models/application_record.rb": {
        "lines": [
          1,
          1,
          null
        ]
      },
      "/Users/gwendolynruiz/turing/2module/1solo_project/actor_and_shows/spec/models/tv_shows/tv_show_spec.rb": {
        "lines": [
          1,
          null,
          1,
          null,
          1,
          2,
          null,
          null,
          null,
          null
        ]
      },
      "/Users/gwendolynruiz/turing/2module/1solo_project/actor_and_shows/app/models/tv_show.rb": {
        "lines": [
          1,
          1,
          null
        ]
      },
      "/Users/gwendolynruiz/turing/2module/1solo_project/actor_and_shows/app/controllers/actors_controller.rb": {
        "lines": [
          1,
          null,
          1,
          7,
          null,
          null,
          1,
          3,
          null,
          null,
          1,
          null,
          null,
          1,
          1,
          1,
          null,
          null,
          1,
          2,
          null,
          null,
          1,
          1,
          1,
          1,
          null,
          null,
          1,
          2,
          null,
          null,
          null
        ]
      },
      "/Users/gwendolynruiz/turing/2module/1solo_project/actor_and_shows/app/controllers/application_controller.rb": {
        "lines": [
          1,
          null
        ]
      },
      "/Users/gwendolynruiz/turing/2module/1solo_project/actor_and_shows/app/controllers/actor_tv_shows_controller.rb": {
        "lines": [
          1,
          null,
          1,
          2,
          null,
          null
        ]
      },
      "/Users/gwendolynruiz/turing/2module/1solo_project/actor_and_shows/app/controllers/tv_shows_controller.rb": {
        "lines": [
          1,
          null,
          1,
          3,
          null,
          null,
          1,
          1,
          null,
          null
        ]
      }
    },
    "timestamp": 1657424255
  }
}
